<?xml version="1.0" encoding="UTF-8"?>
<!-- Generated by org.testng.reporters.JUnitReportReporter -->
<testsuite skipped="0" hostname="DESKTOP-L0JOL9N" name="com.mmp.reg.qa.testcases.ValidateSearchSymptomLinkTest" tests="1" failures="0" timestamp="08 Apr 2018 21:03:37 GMT" time="33.940" errors="0">
  <testcase name="validateSearchSymptomsTest" time="33.940" classname="com.mmp.reg.qa.testcases.ValidateSearchSymptomLinkTest"/>
</testsuite> <!-- com.mmp.reg.qa.testcases.ValidateSearchSymptomLinkTest -->
