<?xml version="1.0" encoding="UTF-8"?>
<!-- Generated by org.testng.reporters.JUnitReportReporter -->
<testsuite skipped="0" hostname="DESKTOP-L0JOL9N" name="com.mmp.reg.qa.testcases.ValidatePatLoginTest" tests="2" failures="0" timestamp="08 Apr 2018 21:03:37 GMT" time="51.670" errors="0">
  <testcase name="validateHomePageTest" time="17.628" classname="com.mmp.reg.qa.testcases.ValidatePatLoginTest"/>
  <testcase name="validatePatLoginTest" time="34.042" classname="com.mmp.reg.qa.testcases.ValidatePatLoginTest"/>
</testsuite> <!-- com.mmp.reg.qa.testcases.ValidatePatLoginTest -->
